<?xml version="1.0" encoding="UTF-8"?>
<testsuite name="dk.softtec4.projectcontroller.ProjectCreateTest" tests="1" skipped="0" failures="0" errors="0" timestamp="2017-10-06T21:20:12" hostname="ReneSrensensMBP" time="0.002">
  <properties/>
  <testcase name="shouldCreateAProjectObject" classname="dk.softtec4.projectcontroller.ProjectCreateTest" time="0.002"/>
  <system-out><![CDATA[]]></system-out>
  <system-err><![CDATA[]]></system-err>
</testsuite>
